[backblue.gif]
[fade.gif]
[index.html]
[localhost/kemi/public/images/admin_images/logo.png]
[localhost/kemi/public/js/jquery-2.1.4.min.js]
[localhost/kemi/public/js/main.js]
[localhost/kemi/public/js/skdslider.min.js]
[localhost/kemi/public/js/move-top.js]
[localhost/kemi/public/js/easing.js]
[localhost/kemi/public/images/post_images/me.jpg]
[localhost/kemi/public/images/post_images/life.jpg]
[localhost/kemi/public/images/post_images/beauty.jpg]
[localhost/kemi/public/images/post_images/travel.jpg]
[localhost/kemi/public/images/post_images/anthony.jpg]
[localhost/kemi/public/images/post_images/image.jpg]
[localhost/kemi/public/js/bootstrap.js]
[localhost/kemi/index.html]
[localhost/kemi/public/fonts/fontawesome-webfont5b62.eot]
[localhost/kemi/public/fonts/fontawesome-webfontd41d.eot]
[localhost/kemi/public/fonts/fontawesome-webfont5b62.woff]
[localhost/kemi/public/fonts/fontawesome-webfont5b62.ttf]
[localhost/kemi/public/css/font-awesome.min.css]
[localhost/kemi/public/fonts/glyphicons-halflings-regular.eot]
[localhost/kemi/public/fonts/glyphicons-halflings-regulard41d.eot]
[localhost/kemi/public/fonts/glyphicons-halflings-regular.woff]
[localhost/kemi/public/fonts/glyphicons-halflings-regular.ttf]
[localhost/kemi/public/css/bootstrap.min.css]
[localhost/kemi/public/images/1.jpg]
[localhost/kemi/public/images/3.jpg]
[localhost/kemi/public/images/4.jpg]
[localhost/kemi/public/images/5.jpg]
[localhost/kemi/public/images/top-arrow.png]
[localhost/kemi/public/css/style.css]
[localhost/kemi/public/images/arrows.png]
[localhost/kemi/public/css/flexslider.css]
[localhost/kemi/public/css/smoothbox.css]
[localhost/kemi/public/css/skdslider.css]
[localhost/kemi/home.html]
[localhost/kemi/public/js/bars.js]
[localhost/kemi/about.html]
[localhost/kemi/categoris/index/1/0/fashion.html]
[localhost/kemi/categoris/index/2/0/beauty.html]
[localhost/kemi/public/images/post_images/2.jpg]
[localhost/kemi/categoris/index/3/0/lifestyle.html]
[localhost/kemi/categoris/index/5/0/travel.html]
[localhost/kemi/public/js/smoothbox.jquery2.js]
[localhost/kemi/photo.html]
[localhost/kemi/contact.html]
[localhost/kemi/ singlepage/22/tettsttt.html]
[localhost/kemi/ singlepage/22.html]
[localhost/kemi/ singlepage/20/Anthony.html]
[localhost/kemi/ singlepage/20.html]
[localhost/kemi/public/images/post_images/4.png]
[localhost/kemi/ singlepage/18/last-test-updated.html]
[localhost/kemi/ singlepage/18.html]
[localhost/kemi/ singlepage/9/sdfg.html]
[localhost/icons/blank.gif]
[localhost/icons/back.gif]
[localhost/icons/image2.gif]
[localhost/kemi/public/images/post_images/Screenshot (49).png]
[localhost/kemi/public/images/post_images/Screenshot (82).png]
[localhost/kemi/public/images/post_images/Screenshot (83).png]
[localhost/kemi/public/images/post_images/Screenshot (84).png]
[localhost/kemi/public/images/post_images/index.html]
[localhost/kemi/ singlepage/9.html]
[localhost/kemi/ singlepage/4/osdse.html]
[localhost/kemi/ singlepage/4.html]
[localhost/kemi/ home/index/0.html]
[localhost/kemi/ home/index/1.html]
[localhost/kemi/ home/index/2.html]
[localhost/kemi/ singlepage/5/title.html]
[localhost/kemi/ singlepage/1/Love.html]
[localhost/kemi/ categoris/tags/3.html]
[localhost/kemi/ categoris/tags/4.html]
[localhost/kemi/ categoris/tags/5.html]
[localhost/kemi/ categoris/tags/6.html]
[localhost/kemi/public/fonts/fontawesome-webfont5b62.html]
[localhost/kemi/public/fonts/fontawesome-webfont5b62-2.html]
[localhost/kemi/public/fonts/glyphicons-halflings-regular.html]
[localhost/kemi/public/fonts/glyphicons-halflings-regular-2.html]
[localhost/kemi/public/images/dott.html]
[localhost/kemi/public/images/pattern.html]
[localhost/kemi/public/images/2.html]
[localhost/kemi/public/images/6.html]
[localhost/kemi/public/css/images/load.html]
[localhost/kemi/ singlepage/16/isaiah.html]
[localhost/kemi/ categoris/index/1/0.html]
[localhost/kemi/ singlepage/6/ooooooo.html]
[localhost/kemi/ categoris/index/2/0.html]
[localhost/kemi/ singlepage/15/ayomide.html]
[localhost/kemi/ singlepage/14/ioksldknikl.html]
[localhost/kemi/public/images/post_images/travel.html]
[localhost/kemi/ singlepage/7/uoeikmoi.html]
[localhost/kemi/ categoris/index/3/0.html]
[localhost/kemi/ categoris/index/5/0.html]
[localhost/kemi/ photo/index/0.html]
[localhost/kemi/ photo/index/1.html]
[localhost/kemi/ categoris/tags/4/index.html]
[localhost/kemi/ categoris/tags/6/index.html]
[localhost/kemi/ categoris/tags/3/index.html]
[localhost/kemi/public/images/post_images/indexc052.html]
[localhost/kemi/public/images/post_images/indexf8a0.html]
[localhost/kemi/public/images/post_images/indexbfec.html]
[localhost/kemi/public/images/post_images/index30b5.html]
[localhost/kemi/public/images/index.html]
